<?xml version="1.0" encoding="UTF-8"?>
<!-- Generated by org.testng.reporters.JUnitReportReporter -->
<testsuite hostname="DESKTOP-9ADJVI8" failures="0" tests="1" name="org.example.AppTest" time="8.011" errors="0" timestamp="2025-05-20T12:26:45 CEST" skipped="0">
  <testcase classname="org.example.AppTest" name="openAppTest" time="8.011"/>
  <system-out/>
</testsuite> <!-- org.example.AppTest -->
