<?xml version="1.0" encoding="UTF-8"?>
<!-- Generated by org.testng.reporters.JUnitReportReporter -->
<testsuite hostname="DESKTOP-9ADJVI8" failures="0" tests="1" name="org.example.EditReminderTest" time="26.662" errors="0" timestamp="2025-05-21T12:25:25 CEST" skipped="0">
  <testcase classname="org.example.EditReminderTest" name="editReminderWithDateTimeTest" time="26.662"/>
  <system-out/>
</testsuite> <!-- org.example.EditReminderTest -->
