<?xml version="1.0" encoding="UTF-8"?>
<!-- Generated by org.testng.reporters.JUnitReportReporter -->
<testsuite hostname="DESKTOP-9ADJVI8" failures="0" tests="1" name="org.example.CompletedReminderTest" time="42.580" errors="0" timestamp="2025-05-21T08:41:49 CEST" skipped="0">
  <testcase classname="org.example.CompletedReminderTest" name="completeReminderTest" time="42.580"/>
  <system-out/>
</testsuite> <!-- org.example.CompletedReminderTest -->
