<?xml version="1.0" encoding="UTF-8"?>
<!-- Generated by org.testng.reporters.JUnitReportReporter -->
<testsuite hostname="DESKTOP-9ADJVI8" failures="0" tests="1" name="org.example.AddReminderTest" time="16.057" errors="0" timestamp="2025-05-21T09:27:18 CEST" skipped="0">
  <testcase classname="org.example.AddReminderTest" name="addReminderWithPlusButtonTest" time="16.057"/>
  <system-out/>
</testsuite> <!-- org.example.AddReminderTest -->
